[INFO  - 2019-09-19T10:04:15.873Z] GhostDriver - Main - running on port 61966
[INFO  - 2019-09-19T10:04:16.890Z] Session [d71b8160-dac4-11e9-8dad-d3a358a2717f] - page.settings - {"XSSAuditingEnabled":false,"javascriptCanCloseWindows":true,"javascriptCanOpenWindows":true,"javascriptEnabled":true,"loadImages":false,"localToRemoteUrlAccessEnabled":false,"userAgent":"Mozilla/5.0 (Macintosh; Intel Mac OS X 10_14_1) AppleWebKit/537.36 (KHTML, like Gecko) Chrome/76.0.3809.132 Safari/537.36","webSecurityEnabled":true}
[INFO  - 2019-09-19T10:04:16.890Z] Session [d71b8160-dac4-11e9-8dad-d3a358a2717f] - page.customHeaders:  - {}
[INFO  - 2019-09-19T10:04:16.890Z] Session [d71b8160-dac4-11e9-8dad-d3a358a2717f] - Session.negotiatedCapabilities - {"browserName":"phantomjs","version":"2.1.1","driverName":"ghostdriver","driverVersion":"1.2.0","platform":"mac-unknown-64bit","javascriptEnabled":true,"takesScreenshot":true,"handlesAlerts":false,"databaseEnabled":false,"locationContextEnabled":false,"applicationCacheEnabled":false,"browserConnectionEnabled":false,"cssSelectorsEnabled":true,"webStorageEnabled":false,"rotatable":false,"acceptSslCerts":false,"nativeEvents":true,"proxy":{"proxyType":"direct"},"phantomjs.page.settings.userAgent":"Mozilla/5.0 (Macintosh; Intel Mac OS X 10_14_1) AppleWebKit/537.36 (KHTML, like Gecko) Chrome/76.0.3809.132 Safari/537.36"}
[INFO  - 2019-09-19T10:04:16.890Z] SessionManagerReqHand - _postNewSessionCommand - New Session Created: d71b8160-dac4-11e9-8dad-d3a358a2717f
[ERROR - 2019-09-19T10:04:16.900Z] RouterReqHand - _handle.error - {"name":"Missing Command Parameter","message":"{\"headers\":{\"Accept\":\"application/json\",\"Accept-Encoding\":\"identity\",\"Content-Length\":\"72\",\"Content-Type\":\"application/json;charset=UTF-8\",\"Host\":\"127.0.0.1:61966\",\"User-Agent\":\"selenium/3.141.0 (python mac)\"},\"httpVersion\":\"1.1\",\"method\":\"POST\",\"post\":\"{\\\"pageLoad\\\": 20000, \\\"sessionId\\\": \\\"d71b8160-dac4-11e9-8dad-d3a358a2717f\\\"}\",\"url\":\"/timeouts\",\"urlParsed\":{\"anchor\":\"\",\"query\":\"\",\"file\":\"timeouts\",\"directory\":\"/\",\"path\":\"/timeouts\",\"relative\":\"/timeouts\",\"port\":\"\",\"host\":\"\",\"password\":\"\",\"user\":\"\",\"userInfo\":\"\",\"authority\":\"\",\"protocol\":\"\",\"source\":\"/timeouts\",\"queryKey\":{},\"chunks\":[\"timeouts\"]},\"urlOriginal\":\"/session/d71b8160-dac4-11e9-8dad-d3a358a2717f/timeouts\"}","line":546,"sourceURL":"phantomjs://code/session_request_handler.js","stack":"_postTimeout@phantomjs://code/session_request_handler.js:546:73\n_handle@phantomjs://code/session_request_handler.js:148:25\n_reroute@phantomjs://code/request_handler.js:61:20\n_handle@phantomjs://code/router_request_handler.js:78:46"}

  phantomjs://platform/console++.js:263 in error
[ERROR - 2019-09-19T10:04:17.505Z] Session [d71b0c30-dac4-11e9-b34a-83b2f124f6ce] - page.onError - msg: TypeError: undefined is not a constructor (evaluating 'Object.assign(s,n)')

  phantomjs://platform/console++.js:263 in error
[ERROR - 2019-09-19T10:04:17.505Z] Session [d71b0c30-dac4-11e9-b34a-83b2f124f6ce] - page.onError - stack:
  (anonymous function) (https://a.msstatic.com/huya/h5player/room/1909171733/vplayer.js:1)
  (anonymous function) (https://a.msstatic.com/huya/h5player/room/1909171733/vplayer.js:1)
  t (https://a.msstatic.com/huya/h5player/room/1909171733/vplayer.js:1)
  (anonymous function) (https://a.msstatic.com/huya/h5player/room/1909171733/vplayer.js:1)
  t (https://a.msstatic.com/huya/h5player/room/1909171733/vplayer.js:1)
  (anonymous function) (https://a.msstatic.com/huya/h5player/room/1909171733/vplayer.js:1)
  t (https://a.msstatic.com/huya/h5player/room/1909171733/vplayer.js:1)
  (anonymous function) (https://a.msstatic.com/huya/h5player/room/1909171733/vplayer.js:1)

  phantomjs://platform/console++.js:263 in error
[ERROR - 2019-09-19T10:04:17.507Z] Session [d71b0c30-dac4-11e9-b34a-83b2f124f6ce] - page.onError - msg: ReferenceError: Can't find variable: VPlayer

  phantomjs://platform/console++.js:263 in error
[ERROR - 2019-09-19T10:04:17.507Z] Session [d71b0c30-dac4-11e9-b34a-83b2f124f6ce] - page.onError - stack:
  d (https://a.msstatic.com/huya/main3/app/room_normal_126d8.js:1)
  (anonymous function) (https://a.msstatic.com/huya/main3/app/room_normal_126d8.js:1)
  c (https://a.msstatic.com/huya/main3/lib/jq_ud_mod_3149c.js:2)
  fireWith (https://a.msstatic.com/huya/main3/lib/jq_ud_mod_3149c.js:2)
  n (https://a.msstatic.com/huya/main3/lib/jq_ud_mod_3149c.js:3)
  onreadystatechange (https://a.msstatic.com/huya/main3/lib/jq_ud_mod_3149c.js:3)

  phantomjs://platform/console++.js:263 in er[ERR[ERROR - 2019-09-19T10:04:17.807Z] Session [d71b0c30-dac4-11e9-b34a-83b2f124f6ce] - page.onError - msg: TypeError: Attempting to change access mechanism for an unconfigurable property.

  phantomjs://platform/console++.js:263 in error
[ERROR - 2019-09-19T10:04:17.807Z] Session [d71b0c30-dac4-11e9-b34a-83b2f124f6ce] - page.onError - stack:
  defineProperty (https://a.msstatic.com/huya/hd/cdn_libs/performance_report-min.js?v=2019%E5%B9%B49%E6%9C%8819%E6%97%A5:1)
  (anonymous function) (https://a.msstatic.com/huya/hd/cdn_libs/performance_report-min.js?v=2019%E5%B9%B49%E6%9C%8819%E6%97%A5:1)
  (anonymous function) (https://a.msstatic.com/huya/hd/cdn_libs/performance_report-min.js?v=2019%E5%B9%B49%E6%9C%8819%E6%97%A5:1)

  phantomjs://platform/console++.js:263 in error
od_3149c.js:2)
  fireWith (https://a.msstatic.com/huya/main3/lib/jq_ud_mod_3149c.js:2)
  n (https://a.msstatic.com/huya/main3/lib/jq_ud_mod_3149c.js:3)
  onreadystatechange (https://a.msstatic.com/huya/main3/lib/jq_ud_mod_3149c.js:3)

  phantomjs://platform/console++.js:263 in error
[ERROR - 2019-09-19T10:04:17.548Z] Session [d7165140-dac4-11e9-a9d8-47d8834551ff] - page.onError - msg: TypeError: Attempting to change access mechanism for an unconfigurable property.

  phantomjs://platform/console++.js:263 in error
[ERROR - 2019-09-19T10:04:17.548Z] Session [d7165140-dac4-11e9-a9d8-47d8834551ff] - page.onError - stack:
  defineProperty (https://a.msstatic.com/huya/hd/cdn_libs/performance_report-min.js?v=2019%E5%B9%B49%E6%9C%8819%E6%97%A5:1)
  (anonymous function) (https://a.msstatic.com/huya/hd/cdn_libs/performance_report-min.js?v=2019%E5%B9%B49%E6%9C%8819%E6%97%A5:1)
  (anonymous function) (https://a.msstatic.com/huya/hd/cdn_libs/performance_report-min.js?v=2019%E5%B9%B49%E6%9C%8819%E6%97%A5:1)

  phantomjs://platform/console++.js:263 in error
